[debug] [2025-07-27T15:28:15.873Z] ----------------------------------------------------------------------
[debug] [2025-07-27T15:28:15.875Z] Command:       /usr/local/share/nvm/versions/node/v22.17.0/bin/node /home/codespace/nvm/current/bin/firebase login --reauth
[debug] [2025-07-27T15:28:15.875Z] CLI Version:   14.11.1
[debug] [2025-07-27T15:28:15.875Z] Platform:      linux
[debug] [2025-07-27T15:28:15.875Z] Node Version:  v22.17.0
[debug] [2025-07-27T15:28:15.875Z] Time:          Sun Jul 27 2025 15:28:15 GMT+0000 (Coordinated Universal Time)
[debug] [2025-07-27T15:28:15.875Z] Env Overrides: GITHUB_API_URL, GITHUB_API_URL
[debug] [2025-07-27T15:28:15.876Z] ----------------------------------------------------------------------
[debug] 
[debug] [2025-07-27T15:28:16.151Z] Object "" in "firebase.json" has unknown property: {"additionalProperty":"projects"}
[debug] [2025-07-27T15:28:16.155Z] >>> [apiv2][query] POST https://auth.firebase.tools/attest [none]
[debug] [2025-07-27T15:28:16.155Z] >>> [apiv2][body] POST https://auth.firebase.tools/attest {"session_id":"eb1bb2f5-33e1-416c-96de-4ec6ed900c12"}
[debug] [2025-07-27T15:28:16.472Z] <<< [apiv2][status] POST https://auth.firebase.tools/attest 200
[debug] [2025-07-27T15:28:16.472Z] <<< [apiv2][body] POST https://auth.firebase.tools/attest {"token":"LQZ0h6Lpy4_h56RcsKF9Mg1c3rzdHHGFXHa9qqpInNQ"}
[info] 
[info] To sign in to the Firebase CLI:
[info] 
[info] 1. Take note of your session ID:
[info] 
[info]    EB1BB
[info] 
[info] 2. Visit the URL below on any device and follow the instructions to get your code:
[info] 
[info]    https://auth.firebase.tools/login?code_challenge=r6O47JbQ09_i4V13ZoClND66rE9ndObYujsjizAwpnw&session=eb1bb2f5-33e1-416c-96de-4ec6ed900c12&attest=LQZ0h6Lpy4_h56RcsKF9Mg1c3rzdHHGFXHa9qqpInNQ
[info] 
[info] 3. Paste or enter the authorization code below once you have it:
[info] 
